<?xml version="1.0" encoding="UTF-8"?>
<!-- Generated by org.testng.reporters.JUnitReportReporter -->
<testsuite hostname="2015s-MBP" failures="0" tests="1" name="appiumTest.TestCase.timeline" time="53.343" errors="0" timestamp="2020-04-01T14:42:22 WAT" skipped="0">
  <testcase classname="appiumTest.TestCase.timeline" name="TimelineTest" time="53.343"/>
</testsuite> <!-- appiumTest.TestCase.timeline -->
