<?xml version="1.0" encoding="UTF-8"?>
<!-- Generated by org.testng.reporters.JUnitReportReporter -->
<testsuite hostname="2015s-MBP" failures="0" tests="2" name="appiumTest.TestCase.loginTest" time="64.228" errors="0" timestamp="2020-04-01T14:42:22 WAT" skipped="0">
  <testcase classname="appiumTest.TestCase.loginTest" name="InvalidLoginTest" time="30.475"/>
  <testcase classname="appiumTest.TestCase.loginTest" name="ValidLoginTest" time="33.753"/>
</testsuite> <!-- appiumTest.TestCase.loginTest -->
