<?xml version="1.0" encoding="UTF-8"?>
<!-- Generated by org.testng.reporters.JUnitReportReporter -->
<testsuite hostname="2015s-MBP" failures="0" tests="1" name="appiumTest.TestCase.share" time="50.832" errors="0" timestamp="2020-04-01T14:42:22 WAT" skipped="0">
  <testcase classname="appiumTest.TestCase.share" name="shareConnection" time="50.832"/>
</testsuite> <!-- appiumTest.TestCase.share -->
